<?xml version="1.0" encoding="UTF-8"?>
<!-- Generated by org.testng.reporters.JUnitReportReporter -->
<testsuite skipped="0" hostname="AlexComp" name="BigSelenium.test.BigHomeTaskTest" tests="3" failures="0" timestamp="2019-11-23T19:24:21 EET" time="9.644" errors="0">
  <testcase name="CreateBookTest" time="3.154" classname="BigSelenium.test.BigHomeTaskTest"/>
  <testcase name="FindTheBook" time="2.431" classname="BigSelenium.test.BigHomeTaskTest"/>
  <testcase name="RemoveTheBook" time="4.059" classname="BigSelenium.test.BigHomeTaskTest"/>
</testsuite> <!-- BigSelenium.test.BigHomeTaskTest -->
