<?xml version="1.0" encoding="UTF-8"?>
<!-- Generated by org.testng.reporters.JUnitReportReporter -->
<testsuite skipped="0" hostname="AlexComp" name="BigSelenium.test.BigTest" tests="3" failures="0" timestamp="2019-11-20T14:15:13 EET" time="5.486" errors="0">
  <testcase name="googleTitleTest" time="1.911" classname="BigSelenium.test.BigTest"/>
  <testcase name="googleLogoTest" time="1.776" classname="BigSelenium.test.BigTest"/>
  <testcase name="maillinkTest" time="1.799" classname="BigSelenium.test.BigTest"/>
</testsuite> <!-- BigSelenium.test.BigTest -->
