<?xml version="1.0" encoding="UTF-8"?>
<!-- Generated by org.testng.reporters.JUnitReportReporter -->
<testsuite skipped="0" hostname="AlexComp" name="BigSelenium.test.TestNg" tests="3" failures="0" timestamp="2019-11-19T14:55:02 EET" time="0.008" errors="0">
  <testcase name="searchTest" time="0.002" classname="BigSelenium.test.TestNg"/>
  <testcase name="googleTitleTest" time="0.002" classname="BigSelenium.test.TestNg"/>
  <testcase name="googleLogoTest" time="0.004" classname="BigSelenium.test.TestNg"/>
</testsuite> <!-- BigSelenium.test.TestNg -->
